app/build/outputs/logs/manifest-merger-debug-report.txt
-- Merging decision tree log ---
manifest
ADDED from src/main/AndroidManifest.xml:2:1-47:12
	package
		ADDED from src/main/AndroidManifest.xml:3:5-35
		INJECTED from src/main/AndroidManifest.xml
		INJECTED from src/main/AndroidManifest.xml
	android:versionName
		ADDED from src/main/AndroidManifest.xml:5:5-30
		INJECTED from src/main/AndroidManifest.xml
		INJECTED from src/main/AndroidManifest.xml
	android:versionCode
		ADDED from src/main/AndroidManifest.xml:4:5-28
		INJECTED from src/main/AndroidManifest.xml
		INJECTED from src/main/AndroidManifest.xml
	xmlns:android
		ADDED from src/main/AndroidManifest.xml:2:11-69
uses-sdk
ADDED from src/main/AndroidManifest.xml:7:5-9:41
	android:targetSdkVersion
		ADDED from src/main/AndroidManifest.xml:9:9-38
		INJECTED from src/main/AndroidManifest.xml
		INJECTED from src/main/AndroidManifest.xml
	android:minSdkVersion
		ADDED from src/main/AndroidManifest.xml:8:9-35
		INJECTED from src/main/AndroidManifest.xml
		INJECTED from src/main/AndroidManifest.xml
uses-permission#android.permission.BLUETOOTH
ADDED from src/main/AndroidManifest.xml:11:5-68
	android:name
		ADDED from src/main/AndroidManifest.xml:11:22-65
uses-permission#android.permission.BLUETOOTH_ADMIN
ADDED from src/main/AndroidManifest.xml:12:5-74
	android:name
		ADDED from src/main/AndroidManifest.xml:12:22-71
uses-permission#android.permission.WRITE_EXTERNAL_STORAGE
ADDED from src/main/AndroidManifest.xml:13:5-81
	android:name
		ADDED from src/main/AndroidManifest.xml:13:22-78
uses-permission#android.permission.INTERNET
ADDED from src/main/AndroidManifest.xml:14:2-64
	android:name
		ADDED from src/main/AndroidManifest.xml:14:19-61
application
ADDED from src/main/AndroidManifest.xml:16:5-45:19
	android:label
		ADDED from src/main/AndroidManifest.xml:19:9-41
	android:allowBackup
		ADDED from src/main/AndroidManifest.xml:17:9-35
	android:icon
		ADDED from src/main/AndroidManifest.xml:18:9-38
	android:theme
		ADDED from src/main/AndroidManifest.xml:20:9-40
activity#kr.neolab.samplecode.MainActivity
ADDED from src/main/AndroidManifest.xml:21:9-32:20
	android:screenOrientation
		ADDED from src/main/AndroidManifest.xml:23:13-49
	android:label
		ADDED from src/main/AndroidManifest.xml:25:13-45
	android:hardwareAccelerated
		ADDED from src/main/AndroidManifest.xml:24:13-47
	android:icon
		ADDED from src/main/AndroidManifest.xml:26:13-42
	android:name
		ADDED from src/main/AndroidManifest.xml:22:13-61
intent-filter#android.intent.action.MAIN+android.intent.category.LAUNCHER
ADDED from src/main/AndroidManifest.xml:28:13-31:29
action#android.intent.action.MAIN
ADDED from src/main/AndroidManifest.xml:29:17-69
	android:name
		ADDED from src/main/AndroidManifest.xml:29:25-66
category#android.intent.category.LAUNCHER
ADDED from src/main/AndroidManifest.xml:30:17-77
	android:name
		ADDED from src/main/AndroidManifest.xml:30:27-74
activity#kr.neolab.samplecode.DeviceListActivity
ADDED from src/main/AndroidManifest.xml:33:9-38:20
	android:screenOrientation
		ADDED from src/main/AndroidManifest.xml:34:13-49
	android:icon
		ADDED from src/main/AndroidManifest.xml:35:13-42
	android:name
		ADDED from src/main/AndroidManifest.xml:33:19-73
activity#kr.neolab.samplecode.SettingActivity
ADDED from src/main/AndroidManifest.xml:39:9-44:20
	android:screenOrientation
		ADDED from src/main/AndroidManifest.xml:40:13-49
	android:icon
		ADDED from src/main/AndroidManifest.xml:41:13-42
	android:name
		ADDED from src/main/AndroidManifest.xml:39:19-70